<?xml version="1.0" encoding="UTF-8"?>
<testng-results skipped="0" failed="0" ignored="0" total="1" passed="1">
  <reporter-output>
  </reporter-output>
  <suite name="Default suite" duration-ms="13762" started-at="2021-09-30T07:03:52Z" finished-at="2021-09-30T07:04:06Z">
    <groups>
    </groups>
    <test name="Default test" duration-ms="13762" started-at="2021-09-30T07:03:52Z" finished-at="2021-09-30T07:04:06Z">
      <class name="com.testCase.LoginTestCase">
        <test-method status="PASS" signature="stratUp()[pri:0, instance:com.testCase.LoginTestCase@bc57b40]" name="stratUp" is-config="true" duration-ms="8667" started-at="2021-09-30T07:03:52Z" finished-at="2021-09-30T07:04:00Z">
          <reporter-output>
          </reporter-output>
        </test-method> <!-- stratUp -->
        <test-method status="PASS" signature="login()[pri:0, instance:com.testCase.LoginTestCase@bc57b40]" name="login" duration-ms="4684" started-at="2021-09-30T07:04:01Z" finished-at="2021-09-30T07:04:05Z">
          <reporter-output>
          </reporter-output>
        </test-method> <!-- login -->
        <test-method status="PASS" signature="close()[pri:0, instance:com.testCase.LoginTestCase@bc57b40]" name="close" is-config="true" duration-ms="221" started-at="2021-09-30T07:04:05Z" finished-at="2021-09-30T07:04:06Z">
          <reporter-output>
          </reporter-output>
        </test-method> <!-- close -->
      </class> <!-- com.testCase.LoginTestCase -->
    </test> <!-- Default test -->
  </suite> <!-- Default suite -->
</testng-results>
